2025-06-02 11:09:10,082 [INFO] User joined: dule98:6807a86ebcff1952758703b3
2025-06-02 11:11:12,834 [INFO] (chat) dule98: /shutdown
2025-06-02 11:11:12,871 [INFO] (chat) dule98: /shutdown
2025-06-02 11:25:24,734 [INFO] (chat) dule98: /shutdown
2025-06-02 11:27:35,901 [INFO] (chat) dule98: /shutdown
2025-06-02 11:39:27,449 [INFO] (chat) dule98: /crash
2025-06-02 11:39:27,453 [ERROR] Error in on_chat: Crash test command executed!
Traceback (most recent call last):
  File "D:\workstation\highrise_bot\src\events\chat.py", line 27, in on_chat
    await bot.command_handler.handle_command(user, message)
  File "D:\workstation\highrise_bot\src\handlers\handleCommands.py", line 89, in handle_command
    await command.execute(user, args, message)
  File "D:\workstation\highrise_bot\src\handlers\..\commands\moderation\crash.py", line 13, in execute
    raise Exception("Crash test command executed!")
Exception: Crash test command executed!
2025-06-02 11:40:02,325 [INFO] (chat) dule98: /ask hi
2025-06-02 11:41:56,572 [INFO] (chat) dule98: /crash
2025-06-02 11:46:02,823 [INFO] (chat) dule98: /crash
2025-06-02 11:46:53,014 [INFO] (chat) dule98: /shutdown
2025-06-02 11:47:05,309 [INFO] (chat) dule98: /crash
2025-06-02 11:55:47,621 [INFO] (chat) dule98: /crash
2025-06-02 11:56:35,234 [INFO] (chat) dule98: /shutdown
2025-06-02 11:58:37,143 [INFO] (chat) dule98: /crash
2025-06-02 11:59:09,386 [INFO] (chat) dule98: /crash
2025-06-02 12:00:45,942 [INFO] User joined: dule98:6807a86ebcff1952758703b3
2025-06-02 12:05:17,400 [INFO] dule98 moved to Position(x=5.5, y=0.25, z=6.5, facing='FrontLeft')
2025-06-02 12:05:18,101 [INFO] dule98 moved to Position(x=3.0, y=0.25, z=7.0, facing='FrontRight')
2025-06-02 12:05:19,502 [INFO] dule98 moved to Position(x=1.5, y=0.25, z=6.5, facing='BackLeft')
2025-06-02 12:05:20,151 [INFO] dule98 moved to Position(x=2.0, y=0.25, z=6.0, facing='BackLeft')
2025-06-02 12:05:20,874 [INFO] dule98 moved to Position(x=2.0, y=0.25, z=6.5, facing='FrontRight')
